
--- FizzBuzz++ Run at 2025-02-02T11:19:36.961Z ---
1
2 FIZZBUZZ++
3 FIZZBUZZ++
4
5 FIZZBUZZ++
6 FIZZ
7 FIZZBUZZ++
8
9 FIZZ
10 BUZZ
11 FIZZBUZZ++
12 FIZZ
13 FIZZBUZZ++
14
15 FIZZBUZZ
16
17 FIZZBUZZ++
18 FIZZ
19 FIZZBUZZ++
20 BUZZ
21 FIZZ
22
23 FIZZBUZZ++
24 FIZZ
25 BUZZ
26
27 FIZZ
28
29 FIZZBUZZ++
30 FIZZBUZZ
31 FIZZBUZZ++
32
33 FIZZ
34
35 BUZZ
36 FIZZ
37 FIZZBUZZ++
38
39 FIZZ
40 BUZZ
41 FIZZBUZZ++
42 FIZZ
43 FIZZBUZZ++
44
45 FIZZBUZZ
46
47 FIZZBUZZ++
48 FIZZ
49
50 BUZZ
51 FIZZ
52
53 FIZZBUZZ++
54 FIZZ
55 BUZZ
56
57 FIZZ
58
59 FIZZBUZZ++
60 FIZZBUZZ
61 FIZZBUZZ++
62
63 FIZZ
64
65 BUZZ
66 FIZZ
67 FIZZBUZZ++
68
69 FIZZ
70 BUZZ
71 FIZZBUZZ++
72 FIZZ
73 FIZZBUZZ++
74
75 FIZZBUZZ
76
77
78 FIZZ
79 FIZZBUZZ++
80 BUZZ
81 FIZZ
82
83 FIZZBUZZ++
84 FIZZ
85 BUZZ
86
87 FIZZ
88
89 FIZZBUZZ++
90 FIZZBUZZ
91
92
93 FIZZ
94
95 BUZZ
96 FIZZ
97 FIZZBUZZ++
98
99 FIZZ
100 BUZZ
101 FIZZBUZZ++
102 FIZZ
103 FIZZBUZZ++
104
105 FIZZBUZZ
106
107 FIZZBUZZ++
108 FIZZ
109 FIZZBUZZ++
110 BUZZ
111 FIZZ
112
113 FIZZBUZZ++
114 FIZZ
115 BUZZ
116
117 FIZZ
118
119
120 FIZZBUZZ
121
122
123 FIZZ
124
125 BUZZ
126 FIZZ
127 FIZZBUZZ++
128
129 FIZZ
130 BUZZ
131 FIZZBUZZ++
132 FIZZ
133
134
135 FIZZBUZZ
136
137 FIZZBUZZ++
138 FIZZ
139 FIZZBUZZ++
140 BUZZ
141 FIZZ
142
143
144 FIZZ
145 BUZZ
146
147 FIZZ
148
149 FIZZBUZZ++
150 FIZZBUZZ
151 FIZZBUZZ++
152
153 FIZZ
154
155 BUZZ
156 FIZZ
157 FIZZBUZZ++
158
159 FIZZ
160 BUZZ
161
162 FIZZ
163 FIZZBUZZ++
164
165 FIZZBUZZ
166
167 FIZZBUZZ++
168 FIZZ
169
170 BUZZ
171 FIZZ
172
173 FIZZBUZZ++
174 FIZZ
175 BUZZ
176
177 FIZZ
178
179 FIZZBUZZ++
180 FIZZBUZZ
181 FIZZBUZZ++
182
183 FIZZ
184
185 BUZZ
186 FIZZ
187
188
189 FIZZ
190 BUZZ
191 FIZZBUZZ++
192 FIZZ
193 FIZZBUZZ++
194
195 FIZZBUZZ
196
197 FIZZBUZZ++
198 FIZZ
199 FIZZBUZZ++
200 BUZZ
201 FIZZ
202
203
204 FIZZ
205 BUZZ
206
207 FIZZ
208
209
210 FIZZBUZZ
211 FIZZBUZZ++
212
213 FIZZ
214
215 BUZZ
216 FIZZ
217
218
219 FIZZ
220 BUZZ
221
222 FIZZ
223 FIZZBUZZ++
224
225 FIZZBUZZ
226
227 FIZZBUZZ++
228 FIZZ
229 FIZZBUZZ++
230 BUZZ
231 FIZZ
232
233 FIZZBUZZ++
234 FIZZ
235 BUZZ
236
237 FIZZ
238
239 FIZZBUZZ++
240 FIZZBUZZ
241 FIZZBUZZ++
242
243 FIZZ
244
245 BUZZ
246 FIZZ
247
248
249 FIZZ
250 BUZZ
251 FIZZBUZZ++
252 FIZZ
253
254
255 FIZZBUZZ
256
257 FIZZBUZZ++
258 FIZZ
259
260 BUZZ
261 FIZZ
262
263 FIZZBUZZ++
264 FIZZ
265 BUZZ
266
267 FIZZ
268
269 FIZZBUZZ++
270 FIZZBUZZ
271 FIZZBUZZ++
272
273 FIZZ
274
275 BUZZ
276 FIZZ
277 FIZZBUZZ++
278
279 FIZZ
280 BUZZ
281 FIZZBUZZ++
282 FIZZ
283 FIZZBUZZ++
284
285 FIZZBUZZ
286
287
288 FIZZ
289
290 BUZZ
291 FIZZ
292
293 FIZZBUZZ++
294 FIZZ
295 BUZZ
296
297 FIZZ
298
299
300 FIZZBUZZ
301
302
303 FIZZ
304
305 BUZZ
306 FIZZ
307 FIZZBUZZ++
308
309 FIZZ
310 BUZZ
311 FIZZBUZZ++
312 FIZZ
313 FIZZBUZZ++
314
315 FIZZBUZZ
316
317 FIZZBUZZ++
318 FIZZ
319
320 BUZZ
321 FIZZ
322
323
324 FIZZ
325 BUZZ
326
327 FIZZ
328
329
330 FIZZBUZZ
331 FIZZBUZZ++
332
333 FIZZ
334
335 BUZZ
336 FIZZ
337 FIZZBUZZ++
338
339 FIZZ
340 BUZZ
341
342 FIZZ
343
344
345 FIZZBUZZ
346
347 FIZZBUZZ++
348 FIZZ
349 FIZZBUZZ++
350 BUZZ
351 FIZZ
352
353 FIZZBUZZ++
354 FIZZ
355 BUZZ
356
357 FIZZ
358
359 FIZZBUZZ++
360 FIZZBUZZ
361
362
363 FIZZ
364
365 BUZZ
366 FIZZ
367 FIZZBUZZ++
368
369 FIZZ
370 BUZZ
371
372 FIZZ
373 FIZZBUZZ++
374
375 FIZZBUZZ
376
377
378 FIZZ
379 FIZZBUZZ++
380 BUZZ
381 FIZZ
382
383 FIZZBUZZ++
384 FIZZ
385 BUZZ
386
387 FIZZ
388
389 FIZZBUZZ++
390 FIZZBUZZ
391
392
393 FIZZ
394
395 BUZZ
396 FIZZ
397 FIZZBUZZ++
398
399 FIZZ
400 BUZZ
401 FIZZBUZZ++
402 FIZZ
403
404
405 FIZZBUZZ
406
407
408 FIZZ
409 FIZZBUZZ++
410 BUZZ
411 FIZZ
412
413
414 FIZZ
415 BUZZ
416
417 FIZZ
418
419 FIZZBUZZ++
420 FIZZBUZZ
421 FIZZBUZZ++
422
423 FIZZ
424
425 BUZZ
426 FIZZ
427
428
429 FIZZ
430 BUZZ
431 FIZZBUZZ++
432 FIZZ
433 FIZZBUZZ++
434
435 FIZZBUZZ
436
437
438 FIZZ
439 FIZZBUZZ++
440 BUZZ
441 FIZZ
442
443 FIZZBUZZ++
444 FIZZ
445 BUZZ
446
447 FIZZ
448
449 FIZZBUZZ++
450 FIZZBUZZ
451
452
453 FIZZ
454
455 BUZZ
456 FIZZ
457 FIZZBUZZ++
458
459 FIZZ
460 BUZZ
461 FIZZBUZZ++
462 FIZZ
463 FIZZBUZZ++
464
465 FIZZBUZZ
466
467 FIZZBUZZ++
468 FIZZ
469
470 BUZZ
471 FIZZ
472
473
474 FIZZ
475 BUZZ
476
477 FIZZ
478
479 FIZZBUZZ++
480 FIZZBUZZ
481
482
483 FIZZ
484
485 BUZZ
486 FIZZ
487 FIZZBUZZ++
488
489 FIZZ
490 BUZZ
491 FIZZBUZZ++
492 FIZZ
493
494
495 FIZZBUZZ
496
497
498 FIZZ
499 FIZZBUZZ++
500 BUZZ
